<?xml version="1.0" ?>
<coverage version="7.13.5" timestamp="1777847707231" lines-valid="611" lines-covered="243" line-rate="0.3977" branches-covered="0" branches-valid="0" branch-rate="0" complexity="0">
	<!-- Generated by coverage.py: https://coverage.readthedocs.io/en/7.13.5 -->
	<!-- Based on https://raw.githubusercontent.com/cobertura/web/master/htdocs/xml/coverage-04.dtd -->
	<sources>
		<source>/Users/richardmulvany/vscode-projects/git-repos/sc-warcraftlogs-analytics/ingestion/src</source>
		<source>/Users/richardmulvany/vscode-projects/git-repos/sc-warcraftlogs-analytics/pipeline</source>
	</sources>
	<packages>
		<package name="." line-rate="0" branch-rate="0" complexity="0">
			<classes>
				<class name="__init__.py" filename="__init__.py" complexity="0" line-rate="1" branch-rate="0">
					<methods/>
					<lines/>
				</class>
				<class name="consumables.py" filename="consumables.py" complexity="0" line-rate="0" branch-rate="0">
					<methods/>
					<lines>
						<line number="3" hits="0"/>
						<line number="5" hits="0"/>
						<line number="6" hits="0"/>
						<line number="8" hits="0"/>
						<line number="18" hits="0"/>
						<line number="20" hits="0"/>
						<line number="24" hits="0"/>
						<line number="39" hits="0"/>
						<line number="41" hits="0"/>
						<line number="51" hits="0"/>
						<line number="57" hits="0"/>
						<line number="64" hits="0"/>
						<line number="102" hits="0"/>
						<line number="104" hits="0"/>
						<line number="105" hits="0"/>
						<line number="108" hits="0"/>
						<line number="109" hits="0"/>
						<line number="110" hits="0"/>
						<line number="111" hits="0"/>
						<line number="112" hits="0"/>
						<line number="115" hits="0"/>
						<line number="116" hits="0"/>
						<line number="117" hits="0"/>
						<line number="118" hits="0"/>
						<line number="119" hits="0"/>
						<line number="120" hits="0"/>
						<line number="121" hits="0"/>
						<line number="122" hits="0"/>
						<line number="125" hits="0"/>
						<line number="126" hits="0"/>
						<line number="127" hits="0"/>
						<line number="128" hits="0"/>
						<line number="129" hits="0"/>
						<line number="130" hits="0"/>
						<line number="131" hits="0"/>
						<line number="134" hits="0"/>
						<line number="135" hits="0"/>
						<line number="136" hits="0"/>
						<line number="137" hits="0"/>
						<line number="138" hits="0"/>
						<line number="139" hits="0"/>
						<line number="140" hits="0"/>
						<line number="143" hits="0"/>
						<line number="144" hits="0"/>
						<line number="145" hits="0"/>
						<line number="146" hits="0"/>
						<line number="147" hits="0"/>
						<line number="150" hits="0"/>
						<line number="151" hits="0"/>
						<line number="152" hits="0"/>
						<line number="153" hits="0"/>
						<line number="154" hits="0"/>
						<line number="155" hits="0"/>
						<line number="156" hits="0"/>
						<line number="167" hits="0"/>
						<line number="170" hits="0"/>
						<line number="171" hits="0"/>
						<line number="172" hits="0"/>
						<line number="173" hits="0"/>
						<line number="174" hits="0"/>
						<line number="177" hits="0"/>
						<line number="178" hits="0"/>
						<line number="179" hits="0"/>
						<line number="180" hits="0"/>
						<line number="181" hits="0"/>
						<line number="182" hits="0"/>
						<line number="183" hits="0"/>
						<line number="184" hits="0"/>
						<line number="185" hits="0"/>
						<line number="188" hits="0"/>
						<line number="189" hits="0"/>
						<line number="192" hits="0"/>
						<line number="193" hits="0"/>
						<line number="196" hits="0"/>
						<line number="197" hits="0"/>
						<line number="200" hits="0"/>
						<line number="201" hits="0"/>
						<line number="204" hits="0"/>
						<line number="205" hits="0"/>
						<line number="208" hits="0"/>
						<line number="209" hits="0"/>
						<line number="212" hits="0"/>
						<line number="215" hits="0"/>
						<line number="216" hits="0"/>
						<line number="217" hits="0"/>
						<line number="218" hits="0"/>
						<line number="219" hits="0"/>
						<line number="220" hits="0"/>
						<line number="221" hits="0"/>
					</lines>
				</class>
			</classes>
		</package>
		<package name="adapters" line-rate="1" branch-rate="0" complexity="0">
			<classes>
				<class name="__init__.py" filename="adapters/__init__.py" complexity="0" line-rate="1" branch-rate="0">
					<methods/>
					<lines/>
				</class>
				<class name="base.py" filename="adapters/base.py" complexity="0" line-rate="1" branch-rate="0">
					<methods/>
					<lines>
						<line number="10" hits="1"/>
						<line number="11" hits="1"/>
						<line number="13" hits="1"/>
						<line number="16" hits="1"/>
						<line number="19" hits="1"/>
						<line number="20" hits="1"/>
						<line number="21" hits="1"/>
						<line number="24" hits="1"/>
						<line number="27" hits="1"/>
						<line number="28" hits="1"/>
						<line number="29" hits="1"/>
						<line number="30" hits="1"/>
						<line number="31" hits="1"/>
						<line number="32" hits="1"/>
						<line number="33" hits="1"/>
						<line number="36" hits="1"/>
						<line number="44" hits="1"/>
						<line number="45" hits="1"/>
						<line number="47" hits="1"/>
						<line number="48" hits="1"/>
						<line number="56" hits="1"/>
						<line number="57" hits="1"/>
						<line number="70" hits="1"/>
						<line number="71" hits="1"/>
					</lines>
				</class>
			</classes>
		</package>
		<package name="adapters.blizzard" line-rate="0" branch-rate="0" complexity="0">
			<classes>
				<class name="__init__.py" filename="adapters/blizzard/__init__.py" complexity="0" line-rate="1" branch-rate="0">
					<methods/>
					<lines/>
				</class>
				<class name="client.py" filename="adapters/blizzard/client.py" complexity="0" line-rate="0" branch-rate="0">
					<methods/>
					<lines>
						<line number="3" hits="0"/>
						<line number="4" hits="0"/>
						<line number="6" hits="0"/>
						<line number="7" hits="0"/>
						<line number="9" hits="0"/>
						<line number="11" hits="0"/>
						<line number="13" hits="0"/>
						<line number="16" hits="0"/>
						<line number="29" hits="0"/>
						<line number="30" hits="0"/>
						<line number="31" hits="0"/>
						<line number="33" hits="0"/>
						<line number="42" hits="0"/>
						<line number="43" hits="0"/>
						<line number="48" hits="0"/>
						<line number="49" hits="0"/>
						<line number="50" hits="0"/>
						<line number="54" hits="0"/>
						<line number="56" hits="0"/>
						<line number="74" hits="0"/>
						<line number="75" hits="0"/>
						<line number="77" hits="0"/>
						<line number="81" hits="0"/>
						<line number="88" hits="0"/>
						<line number="90" hits="0"/>
						<line number="91" hits="0"/>
						<line number="93" hits="0"/>
						<line number="94" hits="0"/>
						<line number="95" hits="0"/>
						<line number="96" hits="0"/>
						<line number="97" hits="0"/>
						<line number="98" hits="0"/>
						<line number="109" hits="0"/>
						<line number="110" hits="0"/>
						<line number="124" hits="0"/>
						<line number="130" hits="0"/>
						<line number="131" hits="0"/>
						<line number="132" hits="0"/>
						<line number="139" hits="0"/>
						<line number="140" hits="0"/>
						<line number="141" hits="0"/>
						<line number="142" hits="0"/>
						<line number="143" hits="0"/>
						<line number="145" hits="0"/>
						<line number="146" hits="0"/>
						<line number="147" hits="0"/>
						<line number="149" hits="0"/>
						<line number="151" hits="0"/>
						<line number="158" hits="0"/>
						<line number="159" hits="0"/>
						<line number="160" hits="0"/>
						<line number="161" hits="0"/>
						<line number="162" hits="0"/>
						<line number="163" hits="0"/>
						<line number="170" hits="0"/>
						<line number="176" hits="0"/>
						<line number="184" hits="0"/>
						<line number="191" hits="0"/>
						<line number="192" hits="0"/>
						<line number="193" hits="0"/>
						<line number="194" hits="0"/>
						<line number="195" hits="0"/>
						<line number="196" hits="0"/>
						<line number="203" hits="0"/>
						<line number="209" hits="0"/>
						<line number="217" hits="0"/>
						<line number="224" hits="0"/>
						<line number="225" hits="0"/>
						<line number="226" hits="0"/>
						<line number="227" hits="0"/>
						<line number="228" hits="0"/>
						<line number="229" hits="0"/>
						<line number="236" hits="0"/>
						<line number="242" hits="0"/>
						<line number="250" hits="0"/>
						<line number="256" hits="0"/>
						<line number="257" hits="0"/>
						<line number="262" hits="0"/>
						<line number="263" hits="0"/>
						<line number="264" hits="0"/>
						<line number="270" hits="0"/>
						<line number="278" hits="0"/>
						<line number="280" hits="0"/>
						<line number="281" hits="0"/>
						<line number="282" hits="0"/>
					</lines>
				</class>
			</classes>
		</package>
		<package name="adapters.google_sheets" line-rate="0" branch-rate="0" complexity="0">
			<classes>
				<class name="__init__.py" filename="adapters/google_sheets/__init__.py" complexity="0" line-rate="1" branch-rate="0">
					<methods/>
					<lines/>
				</class>
				<class name="client.py" filename="adapters/google_sheets/client.py" complexity="0" line-rate="0" branch-rate="0">
					<methods/>
					<lines>
						<line number="7" hits="0"/>
						<line number="8" hits="0"/>
						<line number="10" hits="0"/>
						<line number="12" hits="0"/>
						<line number="15" hits="0"/>
						<line number="18" hits="0"/>
						<line number="19" hits="0"/>
						<line number="20" hits="0"/>
						<line number="22" hits="0"/>
						<line number="24" hits="0"/>
						<line number="25" hits="0"/>
						<line number="27" hits="0"/>
						<line number="28" hits="0"/>
						<line number="29" hits="0"/>
						<line number="30" hits="0"/>
						<line number="32" hits="0"/>
						<line number="40" hits="0"/>
						<line number="41" hits="0"/>
						<line number="42" hits="0"/>
						<line number="43" hits="0"/>
						<line number="44" hits="0"/>
						<line number="45" hits="0"/>
						<line number="46" hits="0"/>
						<line number="52" hits="0"/>
					</lines>
				</class>
			</classes>
		</package>
		<package name="adapters.raiderio" line-rate="0.8302" branch-rate="0" complexity="0">
			<classes>
				<class name="__init__.py" filename="adapters/raiderio/__init__.py" complexity="0" line-rate="1" branch-rate="0">
					<methods/>
					<lines/>
				</class>
				<class name="client.py" filename="adapters/raiderio/client.py" complexity="0" line-rate="0.8302" branch-rate="0">
					<methods/>
					<lines>
						<line number="3" hits="1"/>
						<line number="5" hits="1"/>
						<line number="6" hits="1"/>
						<line number="8" hits="1"/>
						<line number="9" hits="1"/>
						<line number="11" hits="1"/>
						<line number="13" hits="1"/>
						<line number="15" hits="1"/>
						<line number="16" hits="1"/>
						<line number="26" hits="1"/>
						<line number="30" hits="1"/>
						<line number="34" hits="1"/>
						<line number="37" hits="1"/>
						<line number="44" hits="1"/>
						<line number="45" hits="1"/>
						<line number="46" hits="1"/>
						<line number="53" hits="1"/>
						<line number="55" hits="0"/>
						<line number="57" hits="1"/>
						<line number="66" hits="1"/>
						<line number="67" hits="1"/>
						<line number="76" hits="1"/>
						<line number="77" hits="1"/>
						<line number="80" hits="1"/>
						<line number="81" hits="1"/>
						<line number="84" hits="1"/>
						<line number="86" hits="1"/>
						<line number="87" hits="1"/>
						<line number="88" hits="1"/>
						<line number="96" hits="1"/>
						<line number="98" hits="1"/>
						<line number="99" hits="1"/>
						<line number="100" hits="1"/>
						<line number="101" hits="1"/>
						<line number="102" hits="1"/>
						<line number="103" hits="1"/>
						<line number="104" hits="1"/>
						<line number="105" hits="1"/>
						<line number="106" hits="1"/>
						<line number="107" hits="1"/>
						<line number="108" hits="1"/>
						<line number="109" hits="0"/>
						<line number="110" hits="0"/>
						<line number="111" hits="0"/>
						<line number="112" hits="0"/>
						<line number="113" hits="0"/>
						<line number="115" hits="1"/>
						<line number="116" hits="1"/>
						<line number="117" hits="0"/>
						<line number="118" hits="0"/>
						<line number="119" hits="0"/>
						<line number="121" hits="1"/>
						<line number="123" hits="1"/>
					</lines>
				</class>
			</classes>
		</package>
		<package name="adapters.wcl" line-rate="0.245" branch-rate="0" complexity="0">
			<classes>
				<class name="__init__.py" filename="adapters/wcl/__init__.py" complexity="0" line-rate="1" branch-rate="0">
					<methods/>
					<lines/>
				</class>
				<class name="client.py" filename="adapters/wcl/client.py" complexity="0" line-rate="0.245" branch-rate="0">
					<methods/>
					<lines>
						<line number="3" hits="1"/>
						<line number="4" hits="1"/>
						<line number="5" hits="1"/>
						<line number="7" hits="1"/>
						<line number="8" hits="1"/>
						<line number="10" hits="1"/>
						<line number="12" hits="1"/>
						<line number="14" hits="1"/>
						<line number="15" hits="1"/>
						<line number="18" hits="1"/>
						<line number="21" hits="1"/>
						<line number="29" hits="1"/>
						<line number="32" hits="1"/>
						<line number="33" hits="1"/>
						<line number="34" hits="1"/>
						<line number="37" hits="1"/>
						<line number="64" hits="1"/>
						<line number="65" hits="1"/>
						<line number="66" hits="1"/>
						<line number="68" hits="1"/>
						<line number="69" hits="1"/>
						<line number="70" hits="1"/>
						<line number="71" hits="1"/>
						<line number="72" hits="1"/>
						<line number="74" hits="1"/>
						<line number="76" hits="0"/>
						<line number="84" hits="0"/>
						<line number="85" hits="0"/>
						<line number="86" hits="0"/>
						<line number="87" hits="0"/>
						<line number="88" hits="0"/>
						<line number="91" hits="0"/>
						<line number="92" hits="0"/>
						<line number="93" hits="0"/>
						<line number="97" hits="0"/>
						<line number="99" hits="1"/>
						<line number="101" hits="0"/>
						<line number="102" hits="0"/>
						<line number="103" hits="0"/>
						<line number="105" hits="1"/>
						<line number="106" hits="0"/>
						<line number="107" hits="0"/>
						<line number="108" hits="0"/>
						<line number="112" hits="1"/>
						<line number="114" hits="1"/>
						<line number="115" hits="1"/>
						<line number="116" hits="0"/>
						<line number="118" hits="1"/>
						<line number="119" hits="0"/>
						<line number="120" hits="0"/>
						<line number="121" hits="0"/>
						<line number="122" hits="0"/>
						<line number="124" hits="1"/>
						<line number="125" hits="1"/>
						<line number="127" hits="1"/>
						<line number="128" hits="1"/>
						<line number="132" hits="1"/>
						<line number="150" hits="1"/>
						<line number="151" hits="1"/>
						<line number="153" hits="0"/>
						<line number="155" hits="0"/>
						<line number="156" hits="0"/>
						<line number="158" hits="0"/>
						<line number="159" hits="0"/>
						<line number="160" hits="0"/>
						<line number="164" hits="0"/>
						<line number="166" hits="0"/>
						<line number="167" hits="0"/>
						<line number="168" hits="0"/>
						<line number="169" hits="0"/>
						<line number="170" hits="0"/>
						<line number="171" hits="0"/>
						<line number="174" hits="0"/>
						<line number="175" hits="0"/>
						<line number="178" hits="0"/>
						<line number="179" hits="0"/>
						<line number="180" hits="0"/>
						<line number="181" hits="0"/>
						<line number="187" hits="0"/>
						<line number="188" hits="0"/>
						<line number="189" hits="0"/>
						<line number="190" hits="0"/>
						<line number="192" hits="0"/>
						<line number="193" hits="0"/>
						<line number="196" hits="0"/>
						<line number="197" hits="0"/>
						<line number="198" hits="0"/>
						<line number="199" hits="0"/>
						<line number="205" hits="0"/>
						<line number="206" hits="0"/>
						<line number="207" hits="0"/>
						<line number="208" hits="0"/>
						<line number="209" hits="0"/>
						<line number="212" hits="0"/>
						<line number="215" hits="0"/>
						<line number="216" hits="0"/>
						<line number="217" hits="0"/>
						<line number="218" hits="0"/>
						<line number="219" hits="0"/>
						<line number="220" hits="0"/>
						<line number="223" hits="0"/>
						<line number="224" hits="0"/>
						<line number="226" hits="0"/>
						<line number="227" hits="0"/>
						<line number="231" hits="1"/>
						<line number="245" hits="0"/>
						<line number="272" hits="0"/>
						<line number="281" hits="0"/>
						<line number="282" hits="0"/>
						<line number="283" hits="0"/>
						<line number="284" hits="0"/>
						<line number="293" hits="1"/>
						<line number="305" hits="0"/>
						<line number="341" hits="0"/>
						<line number="342" hits="0"/>
						<line number="343" hits="0"/>
						<line number="348" hits="0"/>
						<line number="356" hits="1"/>
						<line number="370" hits="0"/>
						<line number="379" hits="0"/>
						<line number="380" hits="0"/>
						<line number="385" hits="0"/>
						<line number="387" hits="0"/>
						<line number="388" hits="0"/>
						<line number="402" hits="1"/>
						<line number="414" hits="0"/>
						<line number="431" hits="0"/>
						<line number="432" hits="0"/>
						<line number="433" hits="0"/>
						<line number="434" hits="0"/>
						<line number="442" hits="1"/>
						<line number="456" hits="0"/>
						<line number="482" hits="0"/>
						<line number="491" hits="0"/>
						<line number="492" hits="0"/>
						<line number="493" hits="0"/>
						<line number="494" hits="0"/>
						<line number="503" hits="1"/>
						<line number="513" hits="0"/>
						<line number="526" hits="0"/>
						<line number="527" hits="0"/>
						<line number="528" hits="0"/>
						<line number="529" hits="0"/>
						<line number="537" hits="1"/>
						<line number="557" hits="0"/>
						<line number="566" hits="0"/>
						<line number="569" hits="0"/>
						<line number="573" hits="0"/>
						<line number="574" hits="0"/>
						<line number="575" hits="0"/>
						<line number="576" hits="0"/>
						<line number="578" hits="0"/>
						<line number="579" hits="0"/>
						<line number="581" hits="0"/>
						<line number="582" hits="0"/>
						<line number="596" hits="1"/>
						<line number="610" hits="0"/>
						<line number="619" hits="0"/>
						<line number="620" hits="0"/>
						<line number="621" hits="0"/>
						<line number="622" hits="0"/>
						<line number="623" hits="0"/>
						<line number="624" hits="0"/>
						<line number="632" hits="0"/>
						<line number="638" hits="0"/>
						<line number="646" hits="1"/>
						<line number="652" hits="0"/>
						<line number="671" hits="0"/>
						<line number="672" hits="0"/>
						<line number="674" hits="0"/>
						<line number="675" hits="0"/>
						<line number="684" hits="0"/>
						<line number="685" hits="0"/>
						<line number="686" hits="0"/>
						<line number="687" hits="0"/>
						<line number="688" hits="0"/>
						<line number="690" hits="0"/>
						<line number="691" hits="0"/>
						<line number="692" hits="0"/>
						<line number="693" hits="0"/>
						<line number="695" hits="0"/>
						<line number="697" hits="1"/>
						<line number="712" hits="0"/>
						<line number="733" hits="0"/>
						<line number="743" hits="0"/>
						<line number="748" hits="0"/>
						<line number="749" hits="0"/>
						<line number="762" hits="1"/>
						<line number="773" hits="0"/>
						<line number="774" hits="0"/>
						<line number="775" hits="0"/>
						<line number="776" hits="0"/>
						<line number="777" hits="0"/>
						<line number="778" hits="0"/>
						<line number="779" hits="0"/>
						<line number="783" hits="0"/>
						<line number="784" hits="0"/>
						<line number="785" hits="0"/>
						<line number="787" hits="0"/>
						<line number="795" hits="0"/>
					</lines>
				</class>
			</classes>
		</package>
		<package name="expectations" line-rate="1" branch-rate="0" complexity="0">
			<classes>
				<class name="__init__.py" filename="expectations/__init__.py" complexity="0" line-rate="1" branch-rate="0">
					<methods/>
					<lines/>
				</class>
				<class name="common_expectations.py" filename="expectations/common_expectations.py" complexity="0" line-rate="1" branch-rate="0">
					<methods/>
					<lines>
						<line number="12" hits="1"/>
						<line number="13" hits="1"/>
						<line number="14" hits="1"/>
						<line number="15" hits="1"/>
						<line number="16" hits="1"/>
						<line number="17" hits="1"/>
						<line number="18" hits="1"/>
					</lines>
				</class>
			</classes>
		</package>
		<package name="gold" line-rate="0.9655" branch-rate="0" complexity="0">
			<classes>
				<class name="_cooldown_rules.py" filename="gold/_cooldown_rules.py" complexity="0" line-rate="0.9655" branch-rate="0">
					<methods/>
					<lines>
						<line number="7" hits="1"/>
						<line number="9" hits="1"/>
						<line number="12" hits="1"/>
						<line number="13" hits="1"/>
						<line number="14" hits="1"/>
						<line number="15" hits="1"/>
						<line number="16" hits="1"/>
						<line number="17" hits="1"/>
						<line number="18" hits="1"/>
						<line number="19" hits="1"/>
						<line number="20" hits="1"/>
						<line number="21" hits="1"/>
						<line number="22" hits="1"/>
						<line number="23" hits="1"/>
						<line number="24" hits="1"/>
						<line number="26" hits="1"/>
						<line number="27" hits="1"/>
						<line number="28" hits="1"/>
						<line number="30" hits="1"/>
						<line number="31" hits="1"/>
						<line number="32" hits="1"/>
						<line number="34" hits="1"/>
						<line number="35" hits="1"/>
						<line number="36" hits="1"/>
						<line number="39" hits="1"/>
						<line number="41" hits="1"/>
						<line number="43" hits="1"/>
						<line number="59" hits="1"/>
						<line number="84" hits="1"/>
						<line number="384" hits="1"/>
						<line number="388" hits="1"/>
						<line number="399" hits="1"/>
						<line number="404" hits="1"/>
						<line number="409" hits="1"/>
						<line number="420" hits="1"/>
						<line number="421" hits="1"/>
						<line number="422" hits="1"/>
						<line number="425" hits="1"/>
						<line number="428" hits="1"/>
						<line number="431" hits="1"/>
						<line number="432" hits="1"/>
						<line number="433" hits="1"/>
						<line number="434" hits="1"/>
						<line number="437" hits="1"/>
						<line number="440" hits="1"/>
						<line number="441" hits="1"/>
						<line number="442" hits="1"/>
						<line number="443" hits="1"/>
						<line number="444" hits="0"/>
						<line number="445" hits="1"/>
						<line number="459" hits="1"/>
						<line number="460" hits="1"/>
						<line number="463" hits="1"/>
						<line number="464" hits="1"/>
						<line number="467" hits="1"/>
						<line number="468" hits="0"/>
						<line number="471" hits="1"/>
						<line number="472" hits="1"/>
					</lines>
				</class>
			</classes>
		</package>
		<package name="utils" line-rate="0.8873" branch-rate="0" complexity="0">
			<classes>
				<class name="helpers.py" filename="utils/helpers.py" complexity="0" line-rate="0.8519" branch-rate="0">
					<methods/>
					<lines>
						<line number="3" hits="1"/>
						<line number="4" hits="1"/>
						<line number="5" hits="1"/>
						<line number="6" hits="1"/>
						<line number="8" hits="1"/>
						<line number="10" hits="1"/>
						<line number="13" hits="1"/>
						<line number="23" hits="1"/>
						<line number="24" hits="1"/>
						<line number="25" hits="1"/>
						<line number="26" hits="1"/>
						<line number="28" hits="1"/>
						<line number="29" hits="1"/>
						<line number="30" hits="1"/>
						<line number="33" hits="1"/>
						<line number="34" hits="0"/>
						<line number="36" hits="1"/>
						<line number="37" hits="0"/>
						<line number="38" hits="0"/>
						<line number="39" hits="0"/>
						<line number="41" hits="1"/>
						<line number="42" hits="1"/>
						<line number="44" hits="1"/>
						<line number="45" hits="1"/>
						<line number="48" hits="1"/>
						<line number="56" hits="1"/>
						<line number="58" hits="1"/>
					</lines>
				</class>
				<class name="wcl_rankings.py" filename="utils/wcl_rankings.py" complexity="0" line-rate="0.9091" branch-rate="0">
					<methods/>
					<lines>
						<line number="3" hits="1"/>
						<line number="5" hits="1"/>
						<line number="7" hits="1"/>
						<line number="12" hits="1"/>
						<line number="15" hits="1"/>
						<line number="31" hits="1"/>
						<line number="32" hits="1"/>
						<line number="33" hits="1"/>
						<line number="34" hits="1"/>
						<line number="35" hits="1"/>
						<line number="36" hits="0"/>
						<line number="37" hits="0"/>
						<line number="39" hits="1"/>
						<line number="40" hits="1"/>
						<line number="41" hits="1"/>
						<line number="43" hits="1"/>
						<line number="44" hits="1"/>
						<line number="45" hits="0"/>
						<line number="46" hits="0"/>
						<line number="48" hits="1"/>
						<line number="49" hits="1"/>
						<line number="50" hits="1"/>
						<line number="52" hits="1"/>
						<line number="53" hits="1"/>
						<line number="54" hits="1"/>
						<line number="55" hits="1"/>
						<line number="56" hits="1"/>
						<line number="57" hits="1"/>
						<line number="58" hits="1"/>
						<line number="59" hits="1"/>
						<line number="60" hits="1"/>
						<line number="61" hits="1"/>
						<line number="62" hits="1"/>
						<line number="63" hits="1"/>
						<line number="64" hits="1"/>
						<line number="65" hits="1"/>
						<line number="66" hits="1"/>
						<line number="67" hits="1"/>
						<line number="68" hits="1"/>
						<line number="69" hits="1"/>
						<line number="70" hits="1"/>
						<line number="71" hits="1"/>
						<line number="72" hits="1"/>
						<line number="73" hits="1"/>
					</lines>
				</class>
			</classes>
		</package>
	</packages>
</coverage>
